<?xml version="1.0" encoding="UTF-8"?>
<!-- Generated by org.testng.reporters.JUnitXMLReporter -->
<testsuite ignored="0" hostname="DESKTOP-BBS5QUB" failures="0" tests="4" name="Test" time="32.647" errors="0" timestamp="2020-06-20T20:08:38 CST">
  <testcase classname="testCases.FirstTest" name="testGoogle" time="6.508"/>
  <testcase classname="testCases.FirstTest" name="testYahoo" time="9.407"/>
  <testcase classname="testCases.FirstTest" name="testYoutube" time="8.648"/>
  <testcase classname="testCases.FirstTest" name="testFacebook" time="7.719"/>
</testsuite> <!-- Test -->
